<main.c> address a = 0xbffff7c4 
<main.c> address b = 0xbffff7c0 
<main.c> address c = 0xbffff7bc 
p(0xbffffffc) = 0x0 
p(0xbffffff8) = 0x666c65 
p(0xbffffff4) = 0x2e6e6961 
p(0xbffffff0) = 0x6d2f2e00 
p(0xbfffffec) = 0x342d7061 
p(0xbfffffe8) = 0x68632f67 
p(0xbfffffe4) = 0x6e696e69 
p(0xbfffffe0) = 0x6172742d 
p(0xbfffffdc) = 0x632d6573 
p(0xbfffffd8) = 0x61622f75 
p(0xbfffffd4) = 0x6465616b 
p(0xbfffffd0) = 0x612f656d 
p(0xbfffffcc) = 0x6f682f3d 
p(0xbfffffc8) = 0x44575044 
p(0xbfffffc4) = 0x4c4f0066 
p(0xbfffffc0) = 0x6c652e6e 
p(0xbfffffbc) = 0x69616d2f 
p(0xbfffffb8) = 0x2e3d5f00 
p(0xbfffffb4) = 0x313d5345 
p(0xbfffffb0) = 0x4d414e45 
p(0xbfffffac) = 0x4c49465f 
p(0xbfffffa8) = 0x4e454b4f 
p(0xbfffffa4) = 0x52425f47 
p(0xbfffffa0) = 0x732520 
p(0xbfffff9c) = 0x68732e65 
p(0xbfffff98) = 0x70697073 
p(0xbfffff94) = 0x73656c2f 
p(0xbfffff90) = 0x6e69622f 
p(0xbfffff8c) = 0x7273752f 
p(0xbfffff88) = 0x7c3d4e45 
p(0xbfffff84) = 0x504f5353 
p(0xbfffff80) = 0x454c0032 
p(0xbfffff7c) = 0x3220322e 
p(0xbfffff78) = 0x3131322e 
p(0xbfffff74) = 0x3836312e 
p(0xbfffff70) = 0x32393120 
p(0xbfffff6c) = 0x35343733 
p(0xbfffff68) = 0x20312e31 
p(0xbfffff64) = 0x31322e38 
p(0xbfffff60) = 0x36312e32 
p(0xbfffff5c) = 0x39313d4e 
p(0xbfffff58) = 0x4f495443 
p(0xbfffff54) = 0x454e4e4f 
p(0xbfffff50) = 0x435f4853 
p(0xbfffff4c) = 0x53007564 
p(0xbfffff48) = 0x65616b61 
p(0xbfffff44) = 0x3d454d41 
p(0xbfffff40) = 0x4e474f4c 
p(0xbfffff3c) = 0x6d7670 
p(0xbfffff38) = 0x782f336d 
p(0xbfffff34) = 0x76702f65 
p(0xbfffff30) = 0x72616873 
p(0xbfffff2c) = 0x2f727375 
p(0xbfffff28) = 0x2f3d544f 
p(0xbfffff24) = 0x4f525f4d 
p(0xbfffff20) = 0x56505800 
p(0xbfffff1c) = 0x75646561 
p(0xbfffff18) = 0x6b612f65 
p(0xbfffff14) = 0x6d6f682f 
p(0xbfffff10) = 0x3d454d4f 
p(0xbfffff0c) = 0x4800313d 
p(0xbfffff08) = 0x4c564c48 
p(0xbfffff04) = 0x53007373 
p(0xbfffff00) = 0x61706b73 
p(0xbffffefc) = 0x612d6873 
p(0xbffffef8) = 0x732d656d 
p(0xbffffef4) = 0x6f6e672f 
p(0xbffffef0) = 0x6873736e 
p(0xbffffeec) = 0x65706f2f 
p(0xbffffee8) = 0x63657865 
p(0xbffffee4) = 0x62696c2f 
p(0xbffffee0) = 0x7273752f 
p(0xbffffedc) = 0x3d535341 
p(0xbffffed8) = 0x504b5341 
p(0xbffffed4) = 0x5f485353 
p(0xbffffed0) = 0x656c69 
p(0xbffffecc) = 0x66706c65 
p(0xbffffec8) = 0x682d6d61 
p(0xbffffec4) = 0x6c2f6d61 
p(0xbffffec0) = 0x6c2f6374 
p(0xbffffebc) = 0x652f3d45 
p(0xbffffeb8) = 0x4c494650 
p(0xbffffeb4) = 0x4c45484d 
p(0xbffffeb0) = 0x414c0038 
p(0xbffffeac) = 0x2d465455 
p(0xbffffea8) = 0x2e53555f 
p(0xbffffea4) = 0x6e653d47 
p(0xbffffea0) = 0x4e414c00 
p(0xbffffe9c) = 0x73736572 
p(0xbffffe98) = 0x6464612d 
p(0xbffffe94) = 0x656c6261 
p(0xbffffe90) = 0x69726176 
p(0xbffffe8c) = 0x2d332f34 
p(0xbffffe88) = 0x2d706168 
p(0xbffffe84) = 0x632f676e 
p(0xbffffe80) = 0x696e6961 
p(0xbffffe7c) = 0x72742d63 
p(0xbffffe78) = 0x2d657361 
p(0xbffffe74) = 0x622f7564 
p(0xbffffe70) = 0x65616b61 
p(0xbffffe6c) = 0x2f656d6f 
p(0xbffffe68) = 0x682f3d44 
p(0xbffffe64) = 0x57500063 
p(0xbffffe60) = 0x72747570 
p(0xbffffe5c) = 0x6e692f63 
p(0xbffffe58) = 0x74652f3d 
p(0xbffffe54) = 0x43525455 
p(0xbffffe50) = 0x504e4900 
p(0xbffffe4c) = 0x6e69622f 
p(0xbffffe48) = 0x75646561 
p(0xbffffe44) = 0x6b612f65 
p(0xbffffe40) = 0x6d6f682f 
p(0xbffffe3c) = 0x3a6e6962 
p(0xbffffe38) = 0x732f3a6e 
p(0xbffffe34) = 0x69622f36 
p(0xbffffe30) = 0x52313158 
p(0xbffffe2c) = 0x2f727375 
p(0xbffffe28) = 0x2f3a6e69 
p(0xbffffe24) = 0x622f7273 
p(0xbffffe20) = 0x752f3a6e 
p(0xbffffe1c) = 0x69622f3a 
p(0xbffffe18) = 0x6e69622f 
p(0xbffffe14) = 0x6c61636f 
p(0xbffffe10) = 0x6c2f7273 
p(0xbffffe0c) = 0x752f3a6e 
p(0xbffffe08) = 0x69622f73 
p(0xbffffe04) = 0x6f726562 
p(0xbffffe00) = 0x72656b2f 
p(0xbffffdfc) = 0x7273752f 
p(0xbffffdf8) = 0x3d485441 
p(0xbffffdf4) = 0x50007564 
p(0xbffffdf0) = 0x65616b61 
p(0xbffffdec) = 0x2f6c6961 
p(0xbffffde8) = 0x6d2f6c6f 
p(0xbffffde4) = 0x6f70732f 
p(0xbffffde0) = 0x7261762f 
p(0xbffffddc) = 0x3d4c4941 
p(0xbffffdd8) = 0x4d003437 
p(0xbffffdd4) = 0x30322e74 
p(0xbffffdd0) = 0x6e656761 
p(0xbffffdcc) = 0x2f674b34 
p(0xbffffdc8) = 0x674a5858 
p(0xbffffdc4) = 0x582d6873 
p(0xbffffdc0) = 0x732f706d 
p(0xbffffdbc) = 0x742f3d4b 
p(0xbffffdb8) = 0x434f535f 
p(0xbffffdb4) = 0x48545541 
p(0xbffffdb0) = 0x5f485353 
p(0xbffffdac) = 0x336d76 
p(0xbffffda8) = 0x702f6572 
p(0xbffffda4) = 0x6168732f 
p(0xbffffda0) = 0x7273752f 
p(0xbffffd9c) = 0x3d544f4f 
p(0xbffffd98) = 0x525f4d56 
p(0xbffffd94) = 0x50003a35 
p(0xbffffd90) = 0x333b3130 
p(0xbffffd8c) = 0x3d666974 
p(0xbffffd88) = 0x2e2a3a35 
p(0xbffffd84) = 0x333b3130 
p(0xbffffd80) = 0x3d676e70 
p(0xbffffd7c) = 0x2e2a3a35 
p(0xbffffd78) = 0x333b3130 
p(0xbffffd74) = 0x3d6d7078 
p(0xbffffd70) = 0x2e2a3a35 
p(0xbffffd6c) = 0x333b3130 
p(0xbffffd68) = 0x3d6d6278 
p(0xbffffd64) = 0x2e2a3a35 
p(0xbffffd60) = 0x333b3130 
p(0xbffffd5c) = 0x3d706d62 
p(0xbffffd58) = 0x2e2a3a35 
p(0xbffffd54) = 0x333b3130 
p(0xbffffd50) = 0x3d666967 
p(0xbffffd4c) = 0x2e2a3a35 
p(0xbffffd48) = 0x333b3130 
p(0xbffffd44) = 0x3d67706a 
p(0xbffffd40) = 0x2e2a3a31 
p(0xbffffd3c) = 0x333b3130 
p(0xbffffd38) = 0x3d6f6970 
p(0xbffffd34) = 0x632e2a3a 
p(0xbffffd30) = 0x31333b31 
p(0xbffffd2c) = 0x303d6d70 
p(0xbffffd28) = 0x722e2a3a 
p(0xbffffd24) = 0x31333b31 
p(0xbffffd20) = 0x303d7a74 
p(0xbffffd1c) = 0x2e2a3a31 
p(0xbffffd18) = 0x333b3130 
p(0xbffffd14) = 0x3d7a622e 
p(0xbffffd10) = 0x2a3a3133 
p(0xbffffd0c) = 0x3b31303d 
p(0xbffffd08) = 0x327a622e 
p(0xbffffd04) = 0x2a3a3133 
p(0xbffffd00) = 0x3b31303d 
p(0xbffffcfc) = 0x7a672e2a 
p(0xbffffcf8) = 0x3a31333b 
p(0xbffffcf4) = 0x31303d5a 
p(0xbffffcf0) = 0x2e2a3a31 
p(0xbffffcec) = 0x333b3130 
p(0xbffffce8) = 0x3d7a2e2a 
p(0xbffffce4) = 0x3a31333b 
p(0xbffffce0) = 0x31303d70 
p(0xbffffcdc) = 0x697a2e2a 
p(0xbffffcd8) = 0x3a31333b 
p(0xbffffcd4) = 0x31303d68 
p(0xbffffcd0) = 0x7a6c2e2a 
p(0xbffffccc) = 0x3a31333b 
p(0xbffffcc8) = 0x31303d7a 
p(0xbffffcc4) = 0x61742e2a 
p(0xbffffcc0) = 0x3a31333b 
p(0xbffffcbc) = 0x31303d6a 
p(0xbffffcb8) = 0x72612e2a 
p(0xbffffcb4) = 0x3a31333b 
p(0xbffffcb0) = 0x31303d7a 
p(0xbffffcac) = 0x67742e2a 
p(0xbffffca8) = 0x3a31333b 
p(0xbffffca4) = 0x31303d72 
p(0xbffffca0) = 0x61742e2a 
p(0xbffffc9c) = 0x3a32333b 
p(0xbffffc98) = 0x31303d68 
p(0xbffffc94) = 0x73632e2a 
p(0xbffffc90) = 0x3a32333b 
p(0xbffffc8c) = 0x31303d68 
p(0xbffffc88) = 0x732e2a3a 
p(0xbffffc84) = 0x32333b31 
p(0xbffffc80) = 0x303d7461 
p(0xbffffc7c) = 0x622e2a3a 
p(0xbffffc78) = 0x32333b31 
p(0xbffffc74) = 0x303d6d74 
p(0xbffffc70) = 0x622e2a3a 
p(0xbffffc6c) = 0x32333b31 
p(0xbffffc68) = 0x303d6d6f 
p(0xbffffc64) = 0x632e2a3a 
p(0xbffffc60) = 0x32333b31 
p(0xbffffc5c) = 0x303d6578 
p(0xbffffc58) = 0x652e2a3a 
p(0xbffffc54) = 0x32333b31 
p(0xbffffc50) = 0x303d646d 
p(0xbffffc4c) = 0x632e2a3a 
p(0xbffffc48) = 0x32333b31 
p(0xbffffc44) = 0x303d7865 
p(0xbffffc40) = 0x3a31343b 
p(0xbffffc3c) = 0x37333b35 
p(0xbffffc38) = 0x303b3130 
p(0xbffffc34) = 0x3d696d3a 
p(0xbffffc30) = 0x31343b37 
p(0xbffffc2c) = 0x333b3530 
p(0xbffffc28) = 0x3b31303d 
p(0xbffffc24) = 0x726f3a31 
p(0xbffffc20) = 0x303b3333 
p(0xbffffc1c) = 0x3b30343d 
p(0xbffffc18) = 0x64633a31 
p(0xbffffc14) = 0x303b3333 
p(0xbffffc10) = 0x3b30343d 
p(0xbffffc0c) = 0x64623a35 
p(0xbffffc08) = 0x333b3130 
p(0xbffffc04) = 0x3d6f733a 
p(0xbffffc00) = 0x33333b30 
p(0xbffffbfc) = 0x343d6970 
p(0xbffffbf8) = 0x3a36333b 
p(0xbffffbf4) = 0x31303d6e 
p(0xbffffbf0) = 0x6c3a3433 
p(0xbffffbec) = 0x3b31303d 
p(0xbffffbe8) = 0x69643a30 
p(0xbffffbe4) = 0x303d6966 
p(0xbffffbe0) = 0x3a30303d 
p(0xbffffbdc) = 0x6f6e3d53 
p(0xbffffbd8) = 0x524f4c4f 
p(0xbffffbd4) = 0x435f534c 
p(0xbffffbd0) = 0x756465 
p(0xbffffbcc) = 0x616b613d 
p(0xbffffbc8) = 0x52455355 
p(0xbffffbc4) = 0x312f73 
p(0xbffffbc0) = 0x74702f76 
p(0xbffffbbc) = 0x65642f3d 
p(0xbffffbb8) = 0x5954545f 
p(0xbffffbb4) = 0x48535300 
p(0xbffffbb0) = 0x312e332d 
p(0xbffffbac) = 0x74712f62 
p(0xbffffba8) = 0x696c2f72 
p(0xbffffba4) = 0x73752f3d 
p(0xbffffba0) = 0x52494454 
p(0xbffffb9c) = 0x51003232 
p(0xbffffb98) = 0x20353437 
p(0xbffffb94) = 0x3320312e 
p(0xbffffb90) = 0x3131322e 
p(0xbffffb8c) = 0x3836312e 
p(0xbffffb88) = 0x3239313d 
p(0xbffffb84) = 0x544e4549 
p(0xbffffb80) = 0x4c435f48 
p(0xbffffb7c) = 0x53530030 
p(0xbffffb78) = 0x3030313d 
p(0xbffffb74) = 0x455a4953 
p(0xbffffb70) = 0x54534948 
p(0xbffffb6c) = 0x687361 
p(0xbffffb68) = 0x622f6e69 
p(0xbffffb64) = 0x622f3d4c 
p(0xbffffb60) = 0x4c454853 
p(0xbffffb5c) = 0x303031 
p(0xbffffb58) = 0x74763d4d 
p(0xbffffb54) = 0x52455400 
p(0xbffffb50) = 0x6873722f 
p(0xbffffb4c) = 0x6e69622f 
p(0xbffffb48) = 0x7273752f 
p(0xbffffb44) = 0x3d485352 
p(0xbffffb40) = 0x5f4d5650 
p(0xbffffb3c) = 0x6e6961 
p(0xbffffb38) = 0x6d6f646c 
p(0xbffffb34) = 0x61636f6c 
p(0xbffffb30) = 0x2e74736f 
p(0xbffffb2c) = 0x686c6163 
p(0xbffffb28) = 0x6f6c3d45 
p(0xbffffb24) = 0x4d414e54 
p(0xbffffb20) = 0x534f4800 
p(0xbffffb1c) = 0x666c652e 
p(0xbffffb18) = 0x6e69616d 
p(0xbffffb14) = 0x2f2e0036 
p(0xbffffb10) = 0x38366900 
p(0xbffffb0c) = 0x0 
p(0xbffffb08) = 0x0 
p(0xbffffb04) = 0x0 
p(0xbffffb00) = 0x0 
p(0xbffffafc) = 0x0 
p(0xbffffaf8) = 0x0 
p(0xbffffaf4) = 0x0 
p(0xbffffaf0) = 0x0 
p(0xbffffaec) = 0x0 
p(0xbffffae8) = 0x0 
p(0xbffffae4) = 0x0 
p(0xbffffae0) = 0x0 
p(0xbffffadc) = 0x0 
p(0xbffffad8) = 0x0 
p(0xbffffad4) = 0x0 
p(0xbffffad0) = 0x0 
p(0xbffffacc) = 0x0 
p(0xbffffac8) = 0x0 
p(0xbffffac4) = 0x0 
p(0xbffffac0) = 0x0 
p(0xbffffabc) = 0x0 
p(0xbffffab8) = 0x0 
p(0xbffffab4) = 0x0 
p(0xbffffab0) = 0x0 
p(0xbffffaac) = 0x0 
p(0xbffffaa8) = 0x0 
p(0xbffffaa4) = 0x0 
p(0xbffffaa0) = 0x0 
p(0xbffffa9c) = 0x0 
p(0xbffffa98) = 0x0 
p(0xbffffa94) = 0x0 
p(0xbffffa90) = 0x0 
p(0xbffffa8c) = 0x0 
p(0xbffffa88) = 0x0 
p(0xbffffa84) = 0x0 
p(0xbffffa80) = 0x0 
p(0xbffffa7c) = 0x0 
p(0xbffffa78) = 0x0 
p(0xbffffa74) = 0x0 
p(0xbffffa70) = 0x0 
p(0xbffffa6c) = 0x0 
p(0xbffffa68) = 0x0 
p(0xbffffa64) = 0x0 
p(0xbffffa60) = 0x0 
p(0xbffffa5c) = 0x0 
p(0xbffffa58) = 0x0 
p(0xbffffa54) = 0x0 
p(0xbffffa50) = 0x0 
p(0xbffffa4c) = 0x0 
p(0xbffffa48) = 0x0 
p(0xbffffa44) = 0x0 
p(0xbffffa40) = 0x0 
p(0xbffffa3c) = 0x0 
p(0xbffffa38) = 0x0 
p(0xbffffa34) = 0x0 
p(0xbffffa30) = 0x0 
p(0xbffffa2c) = 0x0 
p(0xbffffa28) = 0x0 
p(0xbffffa24) = 0x0 
p(0xbffffa20) = 0x0 
p(0xbffffa1c) = 0x0 
p(0xbffffa18) = 0x0 
p(0xbffffa14) = 0x0 
p(0xbffffa10) = 0x0 
p(0xbffffa0c) = 0x0 
p(0xbffffa08) = 0x0 
p(0xbffffa04) = 0x0 
p(0xbffffa00) = 0x0 
p(0xbffff9fc) = 0x0 
p(0xbffff9f8) = 0x0 
p(0xbffff9f4) = 0x0 
p(0xbffff9f0) = 0x0 
p(0xbffff9ec) = 0x0 
p(0xbffff9e8) = 0x0 
p(0xbffff9e4) = 0x0 
p(0xbffff9e0) = 0x0 
p(0xbffff9dc) = 0x0 
p(0xbffff9d8) = 0x0 
p(0xbffff9d4) = 0x0 
p(0xbffff9d0) = 0x0 
p(0xbffff9cc) = 0x0 
p(0xbffff9c8) = 0x0 
p(0xbffff9c4) = 0x0 
p(0xbffff9c0) = 0x0 
p(0xbffff9bc) = 0x0 
p(0xbffff9b8) = 0x0 
p(0xbffff9b4) = 0x0 
p(0xbffff9b0) = 0x0 
p(0xbffff9ac) = 0x0 
p(0xbffff9a8) = 0x0 
p(0xbffff9a4) = 0x0 
p(0xbffff9a0) = 0x0 
p(0xbffff99c) = 0x0 
p(0xbffff998) = 0x0 
p(0xbffff994) = 0x0 
p(0xbffff990) = 0x0 
p(0xbffff98c) = 0x0 
p(0xbffff988) = 0x0 
p(0xbffff984) = 0x0 
p(0xbffff980) = 0x0 
p(0xbffff97c) = 0x0 
p(0xbffff978) = 0x0 
p(0xbffff974) = 0x0 
p(0xbffff970) = 0x0 
p(0xbffff96c) = 0x0 
p(0xbffff968) = 0x0 
p(0xbffff964) = 0x0 
p(0xbffff960) = 0x0 
p(0xbffff95c) = 0x0 
p(0xbffff958) = 0x0 
p(0xbffff954) = 0x0 
p(0xbffff950) = 0x0 
p(0xbffff94c) = 0x0 
p(0xbffff948) = 0x0 
p(0xbffff944) = 0x0 
p(0xbffff940) = 0x0 
p(0xbffff93c) = 0x0 
p(0xbffff938) = 0x0 
p(0xbffff934) = 0x0 
p(0xbffff930) = 0x0 
p(0xbffff92c) = 0x0 
p(0xbffff928) = 0x0 
p(0xbffff924) = 0x0 
p(0xbffff920) = 0x0 
p(0xbffff91c) = 0x0 
p(0xbffff918) = 0x0 
p(0xbffff914) = 0x0 
p(0xbffff910) = 0x0 
p(0xbffff90c) = 0x0 
p(0xbffff908) = 0x0 
p(0xbffff904) = 0xbffffb11 
p(0xbffff900) = 0xf 
p(0xbffff8fc) = 0x1f4 
p(0xbffff8f8) = 0xe 
p(0xbffff8f4) = 0x1f4 
p(0xbffff8f0) = 0xd 
p(0xbffff8ec) = 0x1f4 
p(0xbffff8e8) = 0xc 
p(0xbffff8e4) = 0x1f4 
p(0xbffff8e0) = 0xb 
p(0xbffff8dc) = 0x8048278 
p(0xbffff8d8) = 0x9 
p(0xbffff8d4) = 0x0 
p(0xbffff8d0) = 0x8 
p(0xbffff8cc) = 0x40000000 
p(0xbffff8c8) = 0x7 
p(0xbffff8c4) = 0x6 
p(0xbffff8c0) = 0x5 
p(0xbffff8bc) = 0x20 
p(0xbffff8b8) = 0x4 
p(0xbffff8b4) = 0x8048034 
p(0xbffff8b0) = 0x3 
p(0xbffff8ac) = 0x64 
p(0xbffff8a8) = 0x11 
p(0xbffff8a4) = 0x1000 
p(0xbffff8a0) = 0x6 
p(0xbffff89c) = 0x7e9fbbf 
p(0xbffff898) = 0x10 
p(0xbffff894) = 0xffffe000 
p(0xbffff890) = 0x20 
p(0xbffff88c) = 0x0 
p(0xbffff888) = 0xbfffffc6 
p(0xbffff884) = 0xbfffffb9 
p(0xbffff880) = 0xbfffffa4 
p(0xbffff87c) = 0xbfffff82 
p(0xbffff878) = 0xbfffff4f 
p(0xbffff874) = 0xbfffff40 
p(0xbffff870) = 0xbfffff21 
p(0xbffff86c) = 0xbfffff0f 
p(0xbffff868) = 0xbfffff07 
p(0xbffff864) = 0xbffffed4 
p(0xbffff860) = 0xbffffeb2 
p(0xbffff85c) = 0xbffffea1 
p(0xbffff858) = 0xbffffe66 
p(0xbffff854) = 0xbffffe51 
p(0xbffff850) = 0xbffffdf7 
p(0xbffff84c) = 0xbffffddb 
p(0xbffff848) = 0xbffffdb0 
p(0xbffff844) = 0xbffffd97 
p(0xbffff840) = 0xbffffbd4 
p(0xbffff83c) = 0xbffffbc8 
p(0xbffff838) = 0xbffffbb5 
p(0xbffff834) = 0xbffffb9f 
p(0xbffff830) = 0xbffffb7e 
p(0xbffff82c) = 0xbffffb70 
p(0xbffff828) = 0xbffffb60 
p(0xbffff824) = 0xbffffb55 
p(0xbffff820) = 0xbffffb40 
p(0xbffff81c) = 0xbffffb21 
p(0xbffff818) = 0x0 
p(0xbffff814) = 0xbffffb16 
p(0xbffff810) = 0x1 
p(0xbffff80c) = 0x0 
p(0xbffff808) = 0xbffff80c 
p(0xbffff804) = 0x4000c660 
p(0xbffff800) = 0x80484fc 
p(0xbffff7fc) = 0x80484cc 
p(0xbffff7f8) = 0xbffff814 
p(0xbffff7f4) = 0x1 
p(0xbffff7f0) = 0x8048328 
p(0xbffff7ec) = 0x8048299 
p(0xbffff7e8) = 0x0 
p(0xbffff7e4) = 0x8048278 
p(0xbffff7e0) = 0x1 
p(0xbffff7dc) = 0x4001582c 
p(0xbffff7d8) = 0xbffff81c 
p(0xbffff7d4) = 0xbffff814 
p(0xbffff7d0) = 0x1 
p(0xbffff7cc) = 0x42015574 
p(0xbffff7c8) = 0xbffff7e8 
<main.c> aaddress a_out = 0x80497dc 
<main.c> aaddress b_out = 0x80497e0 
<main.c> aaddress c_out = 0x80497e4 
