
main.elf:     file format elf32-i386

Disassembly of section .text:

08048278 <_start>:
 8048278:	31 ed                	xor    %ebp,%ebp
 804827a:	5e                   	pop    %esi
 804827b:	89 e1                	mov    %esp,%ecx
 804827d:	83 e4 f0             	and    $0xfffffff0,%esp
 8048280:	50                   	push   %eax
 8048281:	54                   	push   %esp
 8048282:	52                   	push   %edx
 8048283:	68 40 84 04 08       	push   $0x8048440
 8048288:	68 10 84 04 08       	push   $0x8048410
 804828d:	51                   	push   %ecx
 804828e:	56                   	push   %esi
 804828f:	68 28 83 04 08       	push   $0x8048328
 8048294:	e8 bf ff ff ff       	call   8048258 <_init+0x28>
 8048299:	f4                   	hlt    
 804829a:	90                   	nop    
 804829b:	90                   	nop    

0804829c <call_gmon_start>:
 804829c:	55                   	push   %ebp
 804829d:	89 e5                	mov    %esp,%ebp
 804829f:	53                   	push   %ebx
 80482a0:	50                   	push   %eax
 80482a1:	e8 00 00 00 00       	call   80482a6 <call_gmon_start+0xa>
 80482a6:	5b                   	pop    %ebx
 80482a7:	81 c3 c2 13 00 00    	add    $0x13c2,%ebx
 80482ad:	8b 83 14 00 00 00    	mov    0x14(%ebx),%eax
 80482b3:	85 c0                	test   %eax,%eax
 80482b5:	74 02                	je     80482b9 <call_gmon_start+0x1d>
 80482b7:	ff d0                	call   *%eax
 80482b9:	8b 5d fc             	mov    0xfffffffc(%ebp),%ebx
 80482bc:	c9                   	leave  
 80482bd:	c3                   	ret    
 80482be:	90                   	nop    
 80482bf:	90                   	nop    

080482c0 <__do_global_dtors_aux>:
 80482c0:	55                   	push   %ebp
 80482c1:	89 e5                	mov    %esp,%ebp
 80482c3:	83 ec 08             	sub    $0x8,%esp
 80482c6:	80 3d 80 96 04 08 00 	cmpb   $0x0,0x8049680
 80482cd:	75 29                	jne    80482f8 <__do_global_dtors_aux+0x38>
 80482cf:	a1 6c 95 04 08       	mov    0x804956c,%eax
 80482d4:	8b 10                	mov    (%eax),%edx
 80482d6:	85 d2                	test   %edx,%edx
 80482d8:	74 17                	je     80482f1 <__do_global_dtors_aux+0x31>
 80482da:	89 f6                	mov    %esi,%esi
 80482dc:	83 c0 04             	add    $0x4,%eax
 80482df:	a3 6c 95 04 08       	mov    %eax,0x804956c
 80482e4:	ff d2                	call   *%edx
 80482e6:	a1 6c 95 04 08       	mov    0x804956c,%eax
 80482eb:	8b 10                	mov    (%eax),%edx
 80482ed:	85 d2                	test   %edx,%edx
 80482ef:	75 eb                	jne    80482dc <__do_global_dtors_aux+0x1c>
 80482f1:	c6 05 80 96 04 08 01 	movb   $0x1,0x8049680
 80482f8:	c9                   	leave  
 80482f9:	c3                   	ret    
 80482fa:	89 f6                	mov    %esi,%esi

080482fc <frame_dummy>:
 80482fc:	55                   	push   %ebp
 80482fd:	89 e5                	mov    %esp,%ebp
 80482ff:	83 ec 08             	sub    $0x8,%esp
 8048302:	a1 64 96 04 08       	mov    0x8049664,%eax
 8048307:	85 c0                	test   %eax,%eax
 8048309:	74 19                	je     8048324 <frame_dummy+0x28>
 804830b:	b8 00 00 00 00       	mov    $0x0,%eax
 8048310:	85 c0                	test   %eax,%eax
 8048312:	74 10                	je     8048324 <frame_dummy+0x28>
 8048314:	83 ec 0c             	sub    $0xc,%esp
 8048317:	68 64 96 04 08       	push   $0x8049664
 804831c:	e8 df 7c fb f7       	call   0 <_init-0x8048230>
 8048321:	83 c4 10             	add    $0x10,%esp
 8048324:	c9                   	leave  
 8048325:	c3                   	ret    
 8048326:	90                   	nop    
 8048327:	90                   	nop    

08048328 <main>:
 8048328:	55                   	push   %ebp
 8048329:	89 e5                	mov    %esp,%ebp
 804832b:	83 ec 08             	sub    $0x8,%esp
 804832e:	83 e4 f0             	and    $0xfffffff0,%esp
 8048331:	b8 00 00 00 00       	mov    $0x0,%eax
 8048336:	29 c4                	sub    %eax,%esp
 8048338:	83 ec 0c             	sub    $0xc,%esp
 804833b:	68 c8 84 04 08       	push   $0x80484c8
 8048340:	e8 23 ff ff ff       	call   8048268 <_init+0x38>
 8048345:	83 c4 10             	add    $0x10,%esp
 8048348:	83 ec 08             	sub    $0x8,%esp
 804834b:	68 70 95 04 08       	push   $0x8049570
 8048350:	68 db 84 04 08       	push   $0x80484db
 8048355:	e8 0e ff ff ff       	call   8048268 <_init+0x38>
 804835a:	83 c4 10             	add    $0x10,%esp
 804835d:	83 ec 08             	sub    $0x8,%esp
 8048360:	68 88 96 04 08       	push   $0x8049688
 8048365:	68 ea 84 04 08       	push   $0x80484ea
 804836a:	e8 f9 fe ff ff       	call   8048268 <_init+0x38>
 804836f:	83 c4 10             	add    $0x10,%esp
 8048372:	83 ec 08             	sub    $0x8,%esp
 8048375:	68 74 95 04 08       	push   $0x8049574
 804837a:	68 f9 84 04 08       	push   $0x80484f9
 804837f:	e8 e4 fe ff ff       	call   8048268 <_init+0x38>
 8048384:	83 c4 10             	add    $0x10,%esp
 8048387:	83 ec 08             	sub    $0x8,%esp
 804838a:	68 84 96 04 08       	push   $0x8049684
 804838f:	68 08 85 04 08       	push   $0x8048508
 8048394:	e8 cf fe ff ff       	call   8048268 <_init+0x38>
 8048399:	83 c4 10             	add    $0x10,%esp
 804839c:	83 ec 08             	sub    $0x8,%esp
 804839f:	68 78 95 04 08       	push   $0x8049578
 80483a4:	68 17 85 04 08       	push   $0x8048517
 80483a9:	e8 ba fe ff ff       	call   8048268 <_init+0x38>
 80483ae:	83 c4 10             	add    $0x10,%esp
 80483b1:	83 ec 08             	sub    $0x8,%esp
 80483b4:	68 8c 96 04 08       	push   $0x804968c
 80483b9:	68 26 85 04 08       	push   $0x8048526
 80483be:	e8 a5 fe ff ff       	call   8048268 <_init+0x38>
 80483c3:	83 c4 10             	add    $0x10,%esp
 80483c6:	83 ec 08             	sub    $0x8,%esp
 80483c9:	68 c4 84 04 08       	push   $0x80484c4
 80483ce:	68 35 85 04 08       	push   $0x8048535
 80483d3:	e8 90 fe ff ff       	call   8048268 <_init+0x38>
 80483d8:	83 c4 10             	add    $0x10,%esp
 80483db:	83 ec 08             	sub    $0x8,%esp
 80483de:	68 7c 95 04 08       	push   $0x804957c
 80483e3:	68 44 85 04 08       	push   $0x8048544
 80483e8:	e8 7b fe ff ff       	call   8048268 <_init+0x38>
 80483ed:	83 c4 10             	add    $0x10,%esp
 80483f0:	83 ec 08             	sub    $0x8,%esp
 80483f3:	ff 35 78 95 04 08    	pushl  0x8049578
 80483f9:	68 52 85 04 08       	push   $0x8048552
 80483fe:	e8 65 fe ff ff       	call   8048268 <_init+0x38>
 8048403:	83 c4 10             	add    $0x10,%esp
 8048406:	b8 00 00 00 00       	mov    $0x0,%eax
 804840b:	c9                   	leave  
 804840c:	c3                   	ret    
 804840d:	90                   	nop    
 804840e:	90                   	nop    
 804840f:	90                   	nop    

08048410 <__libc_csu_init>:
 8048410:	55                   	push   %ebp
 8048411:	89 e5                	mov    %esp,%ebp
 8048413:	56                   	push   %esi
 8048414:	53                   	push   %ebx
 8048415:	e8 16 fe ff ff       	call   8048230 <_init>
 804841a:	b8 64 95 04 08       	mov    $0x8049564,%eax
 804841f:	2d 64 95 04 08       	sub    $0x8049564,%eax
 8048424:	c1 f8 02             	sar    $0x2,%eax
 8048427:	31 db                	xor    %ebx,%ebx
 8048429:	39 c3                	cmp    %eax,%ebx
 804842b:	73 0f                	jae    804843c <__libc_csu_init+0x2c>
 804842d:	89 c6                	mov    %eax,%esi
 804842f:	90                   	nop    
 8048430:	ff 14 9d 64 95 04 08 	call   *0x8049564(,%ebx,4)
 8048437:	43                   	inc    %ebx
 8048438:	39 f3                	cmp    %esi,%ebx
 804843a:	72 f4                	jb     8048430 <__libc_csu_init+0x20>
 804843c:	5b                   	pop    %ebx
 804843d:	5e                   	pop    %esi
 804843e:	c9                   	leave  
 804843f:	c3                   	ret    

08048440 <__libc_csu_fini>:
 8048440:	55                   	push   %ebp
 8048441:	89 e5                	mov    %esp,%ebp
 8048443:	53                   	push   %ebx
 8048444:	50                   	push   %eax
 8048445:	b8 64 95 04 08       	mov    $0x8049564,%eax
 804844a:	2d 64 95 04 08       	sub    $0x8049564,%eax
 804844f:	c1 f8 02             	sar    $0x2,%eax
 8048452:	85 c0                	test   %eax,%eax
 8048454:	8d 58 ff             	lea    0xffffffff(%eax),%ebx
 8048457:	75 0b                	jne    8048464 <__libc_csu_fini+0x24>
 8048459:	8b 5d fc             	mov    0xfffffffc(%ebp),%ebx
 804845c:	c9                   	leave  
 804845d:	e9 36 00 00 00       	jmp    8048498 <_fini>
 8048462:	89 f6                	mov    %esi,%esi
 8048464:	ff 14 9d 64 95 04 08 	call   *0x8049564(,%ebx,4)
 804846b:	89 da                	mov    %ebx,%edx
 804846d:	4b                   	dec    %ebx
 804846e:	85 d2                	test   %edx,%edx
 8048470:	75 f2                	jne    8048464 <__libc_csu_fini+0x24>
 8048472:	eb e5                	jmp    8048459 <__libc_csu_fini+0x19>

08048474 <__do_global_ctors_aux>:
 8048474:	55                   	push   %ebp
 8048475:	89 e5                	mov    %esp,%ebp
 8048477:	53                   	push   %ebx
 8048478:	52                   	push   %edx
 8048479:	a1 54 96 04 08       	mov    0x8049654,%eax
 804847e:	83 f8 ff             	cmp    $0xffffffff,%eax
 8048481:	bb 54 96 04 08       	mov    $0x8049654,%ebx
 8048486:	74 0c                	je     8048494 <__do_global_ctors_aux+0x20>
 8048488:	83 eb 04             	sub    $0x4,%ebx
 804848b:	ff d0                	call   *%eax
 804848d:	8b 03                	mov    (%ebx),%eax
 804848f:	83 f8 ff             	cmp    $0xffffffff,%eax
 8048492:	75 f4                	jne    8048488 <__do_global_ctors_aux+0x14>
 8048494:	58                   	pop    %eax
 8048495:	5b                   	pop    %ebx
 8048496:	c9                   	leave  
 8048497:	c3                   	ret    

main.elf:     file format elf32-i386

Disassembly of section .rodata:

080484b4 <_fp_hw>:
 80484b4:	03 00 00 00                                         ....

080484b8 <_IO_stdin_used>:
 80484b8:	01 00 02 00 61 62 63 64 00 00 00 00                 ....abcd....

080484c4 <var7>:
 80484c4:	64 00 00 00 64 65 6d 6f 20 65 6c 66 20 73 65 67     d...demo elf seg
 80484d4:	6d 65 6e 74 20 0a 00 26 76 61 72 31 20 3d 20 30     ment ..&var1 = 0
 80484e4:	78 25 78 20 0a 00 26 76 61 72 32 20 3d 20 30 78     x%x ..&var2 = 0x
 80484f4:	25 78 20 0a 00 26 76 61 72 33 20 3d 20 30 78 25     %x ..&var3 = 0x%
 8048504:	78 20 0a 00 26 76 61 72 34 20 3d 20 30 78 25 78     x ..&var4 = 0x%x
 8048514:	20 0a 00 26 76 61 72 35 20 3d 20 30 78 25 78 20      ..&var5 = 0x%x 
 8048524:	0a 00 26 76 61 72 36 20 3d 20 30 78 25 78 20 0a     ..&var6 = 0x%x .
 8048534:	00 26 76 61 72 37 20 3d 20 30 78 25 78 20 0a 00     .&var7 = 0x%x ..
 8048544:	76 61 72 38 20 3d 20 30 78 25 78 20 0a 00 76 61     var8 = 0x%x ..va
 8048554:	72 35 20 3d 20 30 78 25 78 20 0a 00                 r5 = 0x%x ..

main.elf:     file format elf32-i386

Disassembly of section .data:

08049564 <__data_start>:
 8049564:	00 00                	add    %al,(%eax)
	...

08049568 <__dso_handle>:
 8049568:	00 00 00 00                                         ....

0804956c <p.0>:
 804956c:	60 96 04 08                                         `...

08049570 <var1>:
 8049570:	10 00 00 00                                         ....

08049574 <var3>:
 8049574:	09 00 00 00                                         ....

08049578 <var5>:
 8049578:	bc 84 04 08                                         ....

0804957c <var8>:
 804957c:	41 42 43 44 00 00 00 00 00 00 00 00 00 00 00 00     ABCD............
