
hello.elf:     file format elf32-i386

Disassembly of section .text:

08048278 <_start>:
 8048278:	31 ed                	xor    %ebp,%ebp
 804827a:	5e                   	pop    %esi
 804827b:	89 e1                	mov    %esp,%ecx
 804827d:	83 e4 f0             	and    $0xfffffff0,%esp
 8048280:	50                   	push   %eax
 8048281:	54                   	push   %esp
 8048282:	52                   	push   %edx
 8048283:	68 08 84 04 08       	push   $0x8048408
 8048288:	68 d8 83 04 08       	push   $0x80483d8
 804828d:	51                   	push   %ecx
 804828e:	56                   	push   %esi
 804828f:	68 28 83 04 08       	push   $0x8048328
 8048294:	e8 bf ff ff ff       	call   8048258 <_init+0x28>
 8048299:	f4                   	hlt    
 804829a:	90                   	nop    
 804829b:	90                   	nop    

0804829c <call_gmon_start>:
 804829c:	55                   	push   %ebp
 804829d:	89 e5                	mov    %esp,%ebp
 804829f:	53                   	push   %ebx
 80482a0:	50                   	push   %eax
 80482a1:	e8 00 00 00 00       	call   80482a6 <call_gmon_start+0xa>
 80482a6:	5b                   	pop    %ebx
 80482a7:	81 c3 8a 13 00 00    	add    $0x138a,%ebx
 80482ad:	8b 83 14 00 00 00    	mov    0x14(%ebx),%eax
 80482b3:	85 c0                	test   %eax,%eax
 80482b5:	74 02                	je     80482b9 <call_gmon_start+0x1d>
 80482b7:	ff d0                	call   *%eax
 80482b9:	8b 5d fc             	mov    0xfffffffc(%ebp),%ebx
 80482bc:	c9                   	leave  
 80482bd:	c3                   	ret    
 80482be:	90                   	nop    
 80482bf:	90                   	nop    

080482c0 <__do_global_dtors_aux>:
 80482c0:	55                   	push   %ebp
 80482c1:	89 e5                	mov    %esp,%ebp
 80482c3:	83 ec 08             	sub    $0x8,%esp
 80482c6:	80 3d 48 96 04 08 00 	cmpb   $0x0,0x8049648
 80482cd:	75 29                	jne    80482f8 <__do_global_dtors_aux+0x38>
 80482cf:	a1 e8 94 04 08       	mov    0x80494e8,%eax
 80482d4:	8b 10                	mov    (%eax),%edx
 80482d6:	85 d2                	test   %edx,%edx
 80482d8:	74 17                	je     80482f1 <__do_global_dtors_aux+0x31>
 80482da:	89 f6                	mov    %esi,%esi
 80482dc:	83 c0 04             	add    $0x4,%eax
 80482df:	a3 e8 94 04 08       	mov    %eax,0x80494e8
 80482e4:	ff d2                	call   *%edx
 80482e6:	a1 e8 94 04 08       	mov    0x80494e8,%eax
 80482eb:	8b 10                	mov    (%eax),%edx
 80482ed:	85 d2                	test   %edx,%edx
 80482ef:	75 eb                	jne    80482dc <__do_global_dtors_aux+0x1c>
 80482f1:	c6 05 48 96 04 08 01 	movb   $0x1,0x8049648
 80482f8:	c9                   	leave  
 80482f9:	c3                   	ret    
 80482fa:	89 f6                	mov    %esi,%esi

080482fc <frame_dummy>:
 80482fc:	55                   	push   %ebp
 80482fd:	89 e5                	mov    %esp,%ebp
 80482ff:	83 ec 08             	sub    $0x8,%esp
 8048302:	a1 2c 96 04 08       	mov    0x804962c,%eax
 8048307:	85 c0                	test   %eax,%eax
 8048309:	74 19                	je     8048324 <frame_dummy+0x28>
 804830b:	b8 00 00 00 00       	mov    $0x0,%eax
 8048310:	85 c0                	test   %eax,%eax
 8048312:	74 10                	je     8048324 <frame_dummy+0x28>
 8048314:	83 ec 0c             	sub    $0xc,%esp
 8048317:	68 2c 96 04 08       	push   $0x804962c
 804831c:	e8 df 7c fb f7       	call   0 <_init-0x8048230>
 8048321:	83 c4 10             	add    $0x10,%esp
 8048324:	c9                   	leave  
 8048325:	c3                   	ret    
 8048326:	90                   	nop    
 8048327:	90                   	nop    

08048328 <main>:
 8048328:	55                   	push   %ebp
 8048329:	89 e5                	mov    %esp,%ebp
 804832b:	83 ec 08             	sub    $0x8,%esp
 804832e:	83 e4 f0             	and    $0xfffffff0,%esp
 8048331:	b8 00 00 00 00       	mov    $0x0,%eax
 8048336:	29 c4                	sub    %eax,%esp
 8048338:	83 ec 0c             	sub    $0xc,%esp
 804833b:	68 88 84 04 08       	push   $0x8048488
 8048340:	e8 23 ff ff ff       	call   8048268 <_init+0x38>
 8048345:	83 c4 10             	add    $0x10,%esp
 8048348:	83 ec 08             	sub    $0x8,%esp
 804834b:	68 c8 00 00 00       	push   $0xc8
 8048350:	6a 64                	push   $0x64
 8048352:	e8 59 00 00 00       	call   80483b0 <add>
 8048357:	83 c4 08             	add    $0x8,%esp
 804835a:	50                   	push   %eax
 804835b:	68 97 84 04 08       	push   $0x8048497
 8048360:	e8 03 ff ff ff       	call   8048268 <_init+0x38>
 8048365:	83 c4 10             	add    $0x10,%esp
 8048368:	83 ec 08             	sub    $0x8,%esp
 804836b:	68 c8 00 00 00       	push   $0xc8
 8048370:	6a 64                	push   $0x64
 8048372:	e8 51 00 00 00       	call   80483c8 <sub>
 8048377:	83 c4 08             	add    $0x8,%esp
 804837a:	50                   	push   %eax
 804837b:	68 ac 84 04 08       	push   $0x80484ac
 8048380:	e8 e3 fe ff ff       	call   8048268 <_init+0x38>
 8048385:	83 c4 10             	add    $0x10,%esp
 8048388:	83 ec 08             	sub    $0x8,%esp
 804838b:	68 c8 00 00 00       	push   $0xc8
 8048390:	6a 64                	push   $0x64
 8048392:	e8 31 00 00 00       	call   80483c8 <sub>
 8048397:	83 c4 08             	add    $0x8,%esp
 804839a:	50                   	push   %eax
 804839b:	68 ac 84 04 08       	push   $0x80484ac
 80483a0:	e8 c3 fe ff ff       	call   8048268 <_init+0x38>
 80483a5:	83 c4 10             	add    $0x10,%esp
 80483a8:	b8 00 00 00 00       	mov    $0x0,%eax
 80483ad:	c9                   	leave  
 80483ae:	c3                   	ret    
 80483af:	90                   	nop    

080483b0 <add>:
 80483b0:	55                   	push   %ebp
 80483b1:	89 e5                	mov    %esp,%ebp
 80483b3:	83 ec 04             	sub    $0x4,%esp
 80483b6:	c7 45 fc 2c 01 00 00 	movl   $0x12c,0xfffffffc(%ebp)
 80483bd:	8b 45 0c             	mov    0xc(%ebp),%eax
 80483c0:	03 45 08             	add    0x8(%ebp),%eax
 80483c3:	c9                   	leave  
 80483c4:	c3                   	ret    
 80483c5:	90                   	nop    
 80483c6:	90                   	nop    
 80483c7:	90                   	nop    

080483c8 <sub>:
 80483c8:	55                   	push   %ebp
 80483c9:	89 e5                	mov    %esp,%ebp
 80483cb:	8b 55 0c             	mov    0xc(%ebp),%edx
 80483ce:	8b 45 08             	mov    0x8(%ebp),%eax
 80483d1:	29 d0                	sub    %edx,%eax
 80483d3:	c9                   	leave  
 80483d4:	c3                   	ret    
 80483d5:	90                   	nop    
 80483d6:	90                   	nop    
 80483d7:	90                   	nop    

080483d8 <__libc_csu_init>:
 80483d8:	55                   	push   %ebp
 80483d9:	89 e5                	mov    %esp,%ebp
 80483db:	56                   	push   %esi
 80483dc:	53                   	push   %ebx
 80483dd:	e8 4e fe ff ff       	call   8048230 <_init>
 80483e2:	b8 c8 94 04 08       	mov    $0x80494c8,%eax
 80483e7:	2d c8 94 04 08       	sub    $0x80494c8,%eax
 80483ec:	c1 f8 02             	sar    $0x2,%eax
 80483ef:	31 db                	xor    %ebx,%ebx
 80483f1:	39 c3                	cmp    %eax,%ebx
 80483f3:	73 0f                	jae    8048404 <__libc_csu_init+0x2c>
 80483f5:	89 c6                	mov    %eax,%esi
 80483f7:	90                   	nop    
 80483f8:	ff 14 9d c8 94 04 08 	call   *0x80494c8(,%ebx,4)
 80483ff:	43                   	inc    %ebx
 8048400:	39 f3                	cmp    %esi,%ebx
 8048402:	72 f4                	jb     80483f8 <__libc_csu_init+0x20>
 8048404:	5b                   	pop    %ebx
 8048405:	5e                   	pop    %esi
 8048406:	c9                   	leave  
 8048407:	c3                   	ret    

08048408 <__libc_csu_fini>:
 8048408:	55                   	push   %ebp
 8048409:	89 e5                	mov    %esp,%ebp
 804840b:	53                   	push   %ebx
 804840c:	50                   	push   %eax
 804840d:	b8 c8 94 04 08       	mov    $0x80494c8,%eax
 8048412:	2d c8 94 04 08       	sub    $0x80494c8,%eax
 8048417:	c1 f8 02             	sar    $0x2,%eax
 804841a:	85 c0                	test   %eax,%eax
 804841c:	8d 58 ff             	lea    0xffffffff(%eax),%ebx
 804841f:	75 0b                	jne    804842c <__libc_csu_fini+0x24>
 8048421:	8b 5d fc             	mov    0xfffffffc(%ebp),%ebx
 8048424:	c9                   	leave  
 8048425:	e9 36 00 00 00       	jmp    8048460 <_fini>
 804842a:	89 f6                	mov    %esi,%esi
 804842c:	ff 14 9d c8 94 04 08 	call   *0x80494c8(,%ebx,4)
 8048433:	89 da                	mov    %ebx,%edx
 8048435:	4b                   	dec    %ebx
 8048436:	85 d2                	test   %edx,%edx
 8048438:	75 f2                	jne    804842c <__libc_csu_fini+0x24>
 804843a:	eb e5                	jmp    8048421 <__libc_csu_fini+0x19>

0804843c <__do_global_ctors_aux>:
 804843c:	55                   	push   %ebp
 804843d:	89 e5                	mov    %esp,%ebp
 804843f:	53                   	push   %ebx
 8048440:	52                   	push   %edx
 8048441:	a1 1c 96 04 08       	mov    0x804961c,%eax
 8048446:	83 f8 ff             	cmp    $0xffffffff,%eax
 8048449:	bb 1c 96 04 08       	mov    $0x804961c,%ebx
 804844e:	74 0c                	je     804845c <__do_global_ctors_aux+0x20>
 8048450:	83 eb 04             	sub    $0x4,%ebx
 8048453:	ff d0                	call   *%eax
 8048455:	8b 03                	mov    (%ebx),%eax
 8048457:	83 f8 ff             	cmp    $0xffffffff,%eax
 804845a:	75 f4                	jne    8048450 <__do_global_ctors_aux+0x14>
 804845c:	58                   	pop    %eax
 804845d:	5b                   	pop    %ebx
 804845e:	c9                   	leave  
 804845f:	c3                   	ret    

hello.elf:     file format elf32-i386

Disassembly of section .rodata:

0804847c <_fp_hw>:
 804847c:	03 00 00 00                                         ....

08048480 <_IO_stdin_used>:
 8048480:	01 00 02 00                                         ....

08048484 <si>:
 8048484:	c8 00 00 00 68 65 6c 6c 6f 2c 20 77 6f 72 6c 64     ....hello, world
 8048494:	20 0a 00 61 64 64 28 31 30 30 2c 20 32 30 30 29      ..add(100, 200)
 80484a4:	20 3d 20 25 64 20 0a 00 73 75 62 28 31 30 30 2c      = %d ..sub(100,
 80484b4:	20 32 30 30 29 20 3d 20 25 64 20 0a 00               200) = %d ..

hello.elf:     file format elf32-i386

Disassembly of section .data:

080494e0 <__data_start>:
 80494e0:	00 00                	add    %al,(%eax)
	...

080494e4 <__dso_handle>:
 80494e4:	00 00 00 00                                         ....

080494e8 <p.0>:
 80494e8:	28 96 04 08 00 00 00 00 00 00 00 00 00 00 00 00     (...............
	...

08049500 <liming>:
 8049500:	64 00 00 00 00 00 00 00 00 00 00 00 00 00 00 00     d...............
	...

08049550 <zhang>:
 8049550:	64 00 00 00                                         d...
