
main:     file format elf32-i386

Disassembly of section .init:

08048230 <_init>:
 8048230:	55                   	push   %ebp
 8048231:	89 e5                	mov    %esp,%ebp
 8048233:	83 ec 08             	sub    $0x8,%esp
 8048236:	e8 61 00 00 00       	call   804829c <call_gmon_start>
 804823b:	e8 bc 00 00 00       	call   80482fc <frame_dummy>
 8048240:	e8 d7 01 00 00       	call   804841c <__do_global_ctors_aux>
 8048245:	c9                   	leave  
 8048246:	c3                   	ret    
Disassembly of section .plt:

08048248 <.plt>:
 8048248:	ff 35 80 95 04 08    	pushl  0x8049580
 804824e:	ff 25 84 95 04 08    	jmp    *0x8049584
 8048254:	00 00                	add    %al,(%eax)
 8048256:	00 00                	add    %al,(%eax)
 8048258:	ff 25 88 95 04 08    	jmp    *0x8049588
 804825e:	68 00 00 00 00       	push   $0x0
 8048263:	e9 e0 ff ff ff       	jmp    8048248 <_init+0x18>
 8048268:	ff 25 8c 95 04 08    	jmp    *0x804958c
 804826e:	68 08 00 00 00       	push   $0x8
 8048273:	e9 d0 ff ff ff       	jmp    8048248 <_init+0x18>
Disassembly of section .text:

08048278 <_start>:
 8048278:	31 ed                	xor    %ebp,%ebp
 804827a:	5e                   	pop    %esi
 804827b:	89 e1                	mov    %esp,%ecx
 804827d:	83 e4 f0             	and    $0xfffffff0,%esp
 8048280:	50                   	push   %eax
 8048281:	54                   	push   %esp
 8048282:	52                   	push   %edx
 8048283:	68 e8 83 04 08       	push   $0x80483e8
 8048288:	68 b8 83 04 08       	push   $0x80483b8
 804828d:	51                   	push   %ecx
 804828e:	56                   	push   %esi
 804828f:	68 40 83 04 08       	push   $0x8048340
 8048294:	e8 bf ff ff ff       	call   8048258 <_init+0x28>
 8048299:	f4                   	hlt    
 804829a:	90                   	nop    
 804829b:	90                   	nop    

0804829c <call_gmon_start>:
 804829c:	55                   	push   %ebp
 804829d:	89 e5                	mov    %esp,%ebp
 804829f:	53                   	push   %ebx
 80482a0:	50                   	push   %eax
 80482a1:	e8 00 00 00 00       	call   80482a6 <call_gmon_start+0xa>
 80482a6:	5b                   	pop    %ebx
 80482a7:	81 c3 d6 12 00 00    	add    $0x12d6,%ebx
 80482ad:	8b 83 14 00 00 00    	mov    0x14(%ebx),%eax
 80482b3:	85 c0                	test   %eax,%eax
 80482b5:	74 02                	je     80482b9 <call_gmon_start+0x1d>
 80482b7:	ff d0                	call   *%eax
 80482b9:	8b 5d fc             	mov    0xfffffffc(%ebp),%ebx
 80482bc:	c9                   	leave  
 80482bd:	c3                   	ret    
 80482be:	90                   	nop    
 80482bf:	90                   	nop    

080482c0 <__do_global_dtors_aux>:
 80482c0:	55                   	push   %ebp
 80482c1:	89 e5                	mov    %esp,%ebp
 80482c3:	83 ec 08             	sub    $0x8,%esp
 80482c6:	80 3d 94 95 04 08 00 	cmpb   $0x0,0x8049594
 80482cd:	75 29                	jne    80482f8 <__do_global_dtors_aux+0x38>
 80482cf:	a1 9c 94 04 08       	mov    0x804949c,%eax
 80482d4:	8b 10                	mov    (%eax),%edx
 80482d6:	85 d2                	test   %edx,%edx
 80482d8:	74 17                	je     80482f1 <__do_global_dtors_aux+0x31>
 80482da:	89 f6                	mov    %esi,%esi
 80482dc:	83 c0 04             	add    $0x4,%eax
 80482df:	a3 9c 94 04 08       	mov    %eax,0x804949c
 80482e4:	ff d2                	call   *%edx
 80482e6:	a1 9c 94 04 08       	mov    0x804949c,%eax
 80482eb:	8b 10                	mov    (%eax),%edx
 80482ed:	85 d2                	test   %edx,%edx
 80482ef:	75 eb                	jne    80482dc <__do_global_dtors_aux+0x1c>
 80482f1:	c6 05 94 95 04 08 01 	movb   $0x1,0x8049594
 80482f8:	c9                   	leave  
 80482f9:	c3                   	ret    
 80482fa:	89 f6                	mov    %esi,%esi

080482fc <frame_dummy>:
 80482fc:	55                   	push   %ebp
 80482fd:	89 e5                	mov    %esp,%ebp
 80482ff:	83 ec 08             	sub    $0x8,%esp
 8048302:	a1 78 95 04 08       	mov    0x8049578,%eax
 8048307:	85 c0                	test   %eax,%eax
 8048309:	74 19                	je     8048324 <frame_dummy+0x28>
 804830b:	b8 00 00 00 00       	mov    $0x0,%eax
 8048310:	85 c0                	test   %eax,%eax
 8048312:	74 10                	je     8048324 <frame_dummy+0x28>
 8048314:	83 ec 0c             	sub    $0xc,%esp
 8048317:	68 78 95 04 08       	push   $0x8049578
 804831c:	e8 df 7c fb f7       	call   0 <_init-0x8048230>
 8048321:	83 c4 10             	add    $0x10,%esp
 8048324:	c9                   	leave  
 8048325:	c3                   	ret    
 8048326:	90                   	nop    
 8048327:	90                   	nop    

08048328 <add>:
 8048328:	55                   	push   %ebp
 8048329:	89 e5                	mov    %esp,%ebp
 804832b:	8b 45 0c             	mov    0xc(%ebp),%eax
 804832e:	03 45 08             	add    0x8(%ebp),%eax
 8048331:	c9                   	leave  
 8048332:	c3                   	ret    

08048333 <sub>:
 8048333:	55                   	push   %ebp
 8048334:	89 e5                	mov    %esp,%ebp
 8048336:	8b 55 0c             	mov    0xc(%ebp),%edx
 8048339:	8b 45 08             	mov    0x8(%ebp),%eax
 804833c:	29 d0                	sub    %edx,%eax
 804833e:	c9                   	leave  
 804833f:	c3                   	ret    

08048340 <main>:
 8048340:	55                   	push   %ebp
 8048341:	89 e5                	mov    %esp,%ebp
 8048343:	83 ec 08             	sub    $0x8,%esp
 8048346:	83 e4 f0             	and    $0xfffffff0,%esp
 8048349:	b8 00 00 00 00       	mov    $0x0,%eax
 804834e:	29 c4                	sub    %eax,%esp
 8048350:	83 ec 0c             	sub    $0xc,%esp
 8048353:	68 64 84 04 08       	push   $0x8048464
 8048358:	e8 0b ff ff ff       	call   8048268 <_init+0x38>
 804835d:	83 c4 10             	add    $0x10,%esp
 8048360:	83 ec 08             	sub    $0x8,%esp
 8048363:	68 c8 00 00 00       	push   $0xc8
 8048368:	6a 64                	push   $0x64
 804836a:	e8 b9 ff ff ff       	call   8048328 <add>
 804836f:	83 c4 10             	add    $0x10,%esp
 8048372:	89 45 fc             	mov    %eax,0xfffffffc(%ebp)
 8048375:	83 ec 08             	sub    $0x8,%esp
 8048378:	ff 75 fc             	pushl  0xfffffffc(%ebp)
 804837b:	68 7a 84 04 08       	push   $0x804847a
 8048380:	e8 e3 fe ff ff       	call   8048268 <_init+0x38>
 8048385:	83 c4 10             	add    $0x10,%esp
 8048388:	83 ec 08             	sub    $0x8,%esp
 804838b:	68 c8 00 00 00       	push   $0xc8
 8048390:	6a 64                	push   $0x64
 8048392:	e8 9c ff ff ff       	call   8048333 <sub>
 8048397:	83 c4 10             	add    $0x10,%esp
 804839a:	89 45 fc             	mov    %eax,0xfffffffc(%ebp)
 804839d:	83 ec 08             	sub    $0x8,%esp
 80483a0:	ff 75 fc             	pushl  0xfffffffc(%ebp)
 80483a3:	68 85 84 04 08       	push   $0x8048485
 80483a8:	e8 bb fe ff ff       	call   8048268 <_init+0x38>
 80483ad:	83 c4 10             	add    $0x10,%esp
 80483b0:	b8 00 00 00 00       	mov    $0x0,%eax
 80483b5:	c9                   	leave  
 80483b6:	c3                   	ret    
 80483b7:	90                   	nop    

080483b8 <__libc_csu_init>:
 80483b8:	55                   	push   %ebp
 80483b9:	89 e5                	mov    %esp,%ebp
 80483bb:	56                   	push   %esi
 80483bc:	53                   	push   %ebx
 80483bd:	e8 6e fe ff ff       	call   8048230 <_init>
 80483c2:	b8 94 94 04 08       	mov    $0x8049494,%eax
 80483c7:	2d 94 94 04 08       	sub    $0x8049494,%eax
 80483cc:	c1 f8 02             	sar    $0x2,%eax
 80483cf:	31 db                	xor    %ebx,%ebx
 80483d1:	39 c3                	cmp    %eax,%ebx
 80483d3:	73 0f                	jae    80483e4 <__libc_csu_init+0x2c>
 80483d5:	89 c6                	mov    %eax,%esi
 80483d7:	90                   	nop    
 80483d8:	ff 14 9d 94 94 04 08 	call   *0x8049494(,%ebx,4)
 80483df:	43                   	inc    %ebx
 80483e0:	39 f3                	cmp    %esi,%ebx
 80483e2:	72 f4                	jb     80483d8 <__libc_csu_init+0x20>
 80483e4:	5b                   	pop    %ebx
 80483e5:	5e                   	pop    %esi
 80483e6:	c9                   	leave  
 80483e7:	c3                   	ret    

080483e8 <__libc_csu_fini>:
 80483e8:	55                   	push   %ebp
 80483e9:	89 e5                	mov    %esp,%ebp
 80483eb:	53                   	push   %ebx
 80483ec:	50                   	push   %eax
 80483ed:	b8 94 94 04 08       	mov    $0x8049494,%eax
 80483f2:	2d 94 94 04 08       	sub    $0x8049494,%eax
 80483f7:	c1 f8 02             	sar    $0x2,%eax
 80483fa:	85 c0                	test   %eax,%eax
 80483fc:	8d 58 ff             	lea    0xffffffff(%eax),%ebx
 80483ff:	75 0b                	jne    804840c <__libc_csu_fini+0x24>
 8048401:	8b 5d fc             	mov    0xfffffffc(%ebp),%ebx
 8048404:	c9                   	leave  
 8048405:	e9 36 00 00 00       	jmp    8048440 <_fini>
 804840a:	89 f6                	mov    %esi,%esi
 804840c:	ff 14 9d 94 94 04 08 	call   *0x8049494(,%ebx,4)
 8048413:	89 da                	mov    %ebx,%edx
 8048415:	4b                   	dec    %ebx
 8048416:	85 d2                	test   %edx,%edx
 8048418:	75 f2                	jne    804840c <__libc_csu_fini+0x24>
 804841a:	eb e5                	jmp    8048401 <__libc_csu_fini+0x19>

0804841c <__do_global_ctors_aux>:
 804841c:	55                   	push   %ebp
 804841d:	89 e5                	mov    %esp,%ebp
 804841f:	53                   	push   %ebx
 8048420:	52                   	push   %edx
 8048421:	a1 68 95 04 08       	mov    0x8049568,%eax
 8048426:	83 f8 ff             	cmp    $0xffffffff,%eax
 8048429:	bb 68 95 04 08       	mov    $0x8049568,%ebx
 804842e:	74 0c                	je     804843c <__do_global_ctors_aux+0x20>
 8048430:	83 eb 04             	sub    $0x4,%ebx
 8048433:	ff d0                	call   *%eax
 8048435:	8b 03                	mov    (%ebx),%eax
 8048437:	83 f8 ff             	cmp    $0xffffffff,%eax
 804843a:	75 f4                	jne    8048430 <__do_global_ctors_aux+0x14>
 804843c:	58                   	pop    %eax
 804843d:	5b                   	pop    %ebx
 804843e:	c9                   	leave  
 804843f:	c3                   	ret    
Disassembly of section .fini:

08048440 <_fini>:
 8048440:	55                   	push   %ebp
 8048441:	89 e5                	mov    %esp,%ebp
 8048443:	53                   	push   %ebx
 8048444:	52                   	push   %edx
 8048445:	e8 00 00 00 00       	call   804844a <_fini+0xa>
 804844a:	5b                   	pop    %ebx
 804844b:	81 c3 32 11 00 00    	add    $0x1132,%ebx
 8048451:	e8 6a fe ff ff       	call   80482c0 <__do_global_dtors_aux>
 8048456:	8b 5d fc             	mov    0xfffffffc(%ebp),%ebx
 8048459:	c9                   	leave  
 804845a:	c3                   	ret    
